 INFO: server starting:8181:38436
 INFO: request:GET /BF2BE4/mykey/ HTTP/1.0 ****:1
FORBIDDEN: Invalid token:BF2BE4/mykey/ HTTP/1.0 ****
 INFO: request:GET /AF2BE4/mykey/callThis HTTP/1.0 ****:2
 INFO: key::mykey:2
 INFO: Header:HTTP/1.1 200 OK
Server: server/1.0
Content-Length: 8
Connection: close
Content-Type: text/plain

:2
 INFO: Payload: + Key  value callThis length 8
:2
 INFO: request:GET /AF2BE4/mykey/ HTTP/1.0 ****:3
 INFO: key::mykey:3
 INFO: Header:HTTP/1.1 200 OK
Server: server/1.0
Content-Length: 8
Connection: close
Content-Type: text/plain

:3
 INFO: Payload: + Key  value callThis length 8
:3
 INFO: request:GET /AF2BE4/newkey/ HTTP/1.0 ****:4
 INFO: key::newkey:4
 INFO: Header:HTTP/1.1 200 OK
Server: server/1.0
Content-Length: 0
Connection: close
Content-Type: text/plain

:4
 INFO: Payload: + Key  value  length 0
:4
 INFO: request:GET /AF2BE4/newkey/callThat HTTP/1.0 ****:5
 INFO: key::newkey:5
 INFO: Header:HTTP/1.1 200 OK
Server: server/1.0
Content-Length: 8
Connection: close
Content-Type: text/plain

:5
 INFO: Payload: + Key  value callThat length 8
:5
 INFO: request:GET /AF2BE4/newkey/changeIt HTTP/1.0 ****:6
 INFO: key::newkey:6
 INFO: Header:HTTP/1.1 200 OK
Server: server/1.0
Content-Length: 8
Connection: close
Content-Type: text/plain

:6
 INFO: Payload: + Key  value changeIt length 8
:6
